GowinSynthesis start
Running parser ...
Analyzing Verilog file 'C:\Gowin199B\Gowin_V1.9.9Beta-3\IDE\ipcore\VFB\data\vfb_top.v'
Analyzing included file 'top_define.v'("C:\Gowin199B\Gowin_V1.9.9Beta-3\IDE\ipcore\VFB\data\vfb_top.v":26)
Back to file 'C:\Gowin199B\Gowin_V1.9.9Beta-3\IDE\ipcore\VFB\data\vfb_top.v'("C:\Gowin199B\Gowin_V1.9.9Beta-3\IDE\ipcore\VFB\data\vfb_top.v":26)
Analyzing included file 'C:\Gowin199B\Gowin_V1.9.9Beta-3\IDE\ipcore\VFB\data\static_macro_define.v'("C:\Gowin199B\Gowin_V1.9.9Beta-3\IDE\ipcore\VFB\data\vfb_top.v":27)
Back to file 'C:\Gowin199B\Gowin_V1.9.9Beta-3\IDE\ipcore\VFB\data\vfb_top.v'("C:\Gowin199B\Gowin_V1.9.9Beta-3\IDE\ipcore\VFB\data\vfb_top.v":27)
Analyzing included file 'vfb_defines.v'("C:\Gowin199B\Gowin_V1.9.9Beta-3\IDE\ipcore\VFB\data\vfb_top.v":28)
Back to file 'C:\Gowin199B\Gowin_V1.9.9Beta-3\IDE\ipcore\VFB\data\vfb_top.v'("C:\Gowin199B\Gowin_V1.9.9Beta-3\IDE\ipcore\VFB\data\vfb_top.v":28)
Analyzing Verilog file 'C:\Gowin199B\Gowin_V1.9.9Beta-3\IDE\ipcore\VFB\data\vfb_wrapper.v'
Analyzing included file 'top_define.v'("C:\Gowin199B\Gowin_V1.9.9Beta-3\IDE\ipcore\VFB\data\vfb_wrapper.v":5379)
Back to file 'C:\Gowin199B\Gowin_V1.9.9Beta-3\IDE\ipcore\VFB\data\vfb_wrapper.v'("C:\Gowin199B\Gowin_V1.9.9Beta-3\IDE\ipcore\VFB\data\vfb_wrapper.v":5379)
Analyzing included file 'C:\Gowin199B\Gowin_V1.9.9Beta-3\IDE\ipcore\VFB\data\static_macro_define.v'("C:\Gowin199B\Gowin_V1.9.9Beta-3\IDE\ipcore\VFB\data\vfb_wrapper.v":5379)
Back to file 'C:\Gowin199B\Gowin_V1.9.9Beta-3\IDE\ipcore\VFB\data\vfb_wrapper.v'("C:\Gowin199B\Gowin_V1.9.9Beta-3\IDE\ipcore\VFB\data\vfb_wrapper.v":5379)
Analyzing included file 'vfb_defines.v'("C:\Gowin199B\Gowin_V1.9.9Beta-3\IDE\ipcore\VFB\data\vfb_wrapper.v":5379)
Back to file 'C:\Gowin199B\Gowin_V1.9.9Beta-3\IDE\ipcore\VFB\data\vfb_wrapper.v'("C:\Gowin199B\Gowin_V1.9.9Beta-3\IDE\ipcore\VFB\data\vfb_wrapper.v":5379)
Compiling module 'vfb_psram_Top'("C:\Gowin199B\Gowin_V1.9.9Beta-3\IDE\ipcore\VFB\data\vfb_top.v":30)
Compiling module '**'("C:\Gowin199B\Gowin_V1.9.9Beta-3\IDE\ipcore\VFB\data\vfb_wrapper.v":0)
Compiling module '**'("C:\Gowin199B\Gowin_V1.9.9Beta-3\IDE\ipcore\VFB\data\vfb_wrapper.v":0)
Compiling module '**'("C:\Gowin199B\Gowin_V1.9.9Beta-3\IDE\ipcore\VFB\data\vfb_wrapper.v":0)
Compiling module '**'("C:\Gowin199B\Gowin_V1.9.9Beta-3\IDE\ipcore\VFB\data\vfb_wrapper.v":0)
Compiling module '**'("C:\Gowin199B\Gowin_V1.9.9Beta-3\IDE\ipcore\VFB\data\vfb_wrapper.v":0)
Extracting RAM for identifier '**'("C:\Gowin199B\Gowin_V1.9.9Beta-3\IDE\ipcore\VFB\data\vfb_wrapper.v":0)
WARN  (EX3791) : Expression size ** truncated to fit in target size **("C:\Gowin199B\Gowin_V1.9.9Beta-3\IDE\ipcore\VFB\data\vfb_wrapper.v":0)
Compiling module '**'("C:\Gowin199B\Gowin_V1.9.9Beta-3\IDE\ipcore\VFB\data\vfb_wrapper.v":0)
Compiling module '**'("C:\Gowin199B\Gowin_V1.9.9Beta-3\IDE\ipcore\VFB\data\vfb_wrapper.v":0)
Compiling module '**'("C:\Gowin199B\Gowin_V1.9.9Beta-3\IDE\ipcore\VFB\data\vfb_wrapper.v":0)
Extracting RAM for identifier '**'("C:\Gowin199B\Gowin_V1.9.9Beta-3\IDE\ipcore\VFB\data\vfb_wrapper.v":0)
WARN  (EX3791) : Expression size ** truncated to fit in target size **("C:\Gowin199B\Gowin_V1.9.9Beta-3\IDE\ipcore\VFB\data\vfb_wrapper.v":0)
Compiling module '**'("C:\Gowin199B\Gowin_V1.9.9Beta-3\IDE\ipcore\VFB\data\vfb_wrapper.v":0)
WARN  (EX3791) : Expression size ** truncated to fit in target size **("C:\Gowin199B\Gowin_V1.9.9Beta-3\IDE\ipcore\VFB\data\vfb_wrapper.v":0)
WARN  (EX3670) : Actual bit length ** differs from formal bit length ** for port '**'("C:\Gowin199B\Gowin_V1.9.9Beta-3\IDE\ipcore\VFB\data\vfb_wrapper.v":0)
Compiling module '**'("C:\Gowin199B\Gowin_V1.9.9Beta-3\IDE\ipcore\VFB\data\vfb_wrapper.v":0)
NOTE  (EX0101) : Current top module is "vfb_psram_Top"
[5%] Running netlist conversion ...
WARN  (CV0018) : Input I_wr_halt[0] is unused("C:\Gowin199B\Gowin_V1.9.9Beta-3\IDE\ipcore\VFB\data\vfb_top.v":44)
WARN  (CV0018) : Input I_rd_halt[0] is unused("C:\Gowin199B\Gowin_V1.9.9Beta-3\IDE\ipcore\VFB\data\vfb_top.v":45)
Running device independent optimization ...
[10%] Optimizing Phase 0 completed
[15%] Optimizing Phase 1 completed
[25%] Optimizing Phase 2 completed
Running inference ...
[30%] Inferring Phase 0 completed
[40%] Inferring Phase 1 completed
[50%] Inferring Phase 2 completed
[55%] Inferring Phase 3 completed
Running technical mapping ...
[60%] Tech-Mapping Phase 0 completed
[65%] Tech-Mapping Phase 1 completed
[75%] Tech-Mapping Phase 2 completed
[80%] Tech-Mapping Phase 3 completed
[90%] Tech-Mapping Phase 4 completed
WARN  (NL0002) : The module "~dma_frame_ctrl.vfb_psram_Top" instantiated to "u_dma_frame_ctrl" is swept in optimizing("C:\Gowin199B\Gowin_V1.9.9Beta-3\IDE\ipcore\VFB\data\vfb_wrapper.v":0)
[95%] Generate netlist file "E:\TangNano\tangnano9k-vfb-psram\src\vfb_psram\temp\VFB\vfb_psram.vg" completed
Generate template file "E:\TangNano\tangnano9k-vfb-psram\src\vfb_psram\temp\VFB\vfb_psram_tmp.v" completed
[100%] Generate report file "E:\TangNano\tangnano9k-vfb-psram\src\vfb_psram\temp\VFB\vfb_psram_syn.rpt.html" completed
GowinSynthesis finish
